2024-07-28 11:37:39,403 - feedback_logic - INFO - Generated feedback: {'strengths': ['Your resume is highly relevant to the job description. Great job!', 'Matching skills found: software engineer, sql, python, java'], 'score': 1.0}
2024-07-28 11:55:44,048 - feedback_logic - INFO - Generated feedback: {'strengths': ['Your resume is highly relevant to the job description. Great job!', 'Matching skills found: python, sql, software engineer, java'], 'score': 1.0}
2024-07-28 12:16:45,845 - feedback_logic - INFO - Generated feedback: {'strengths': ['Your resume is highly relevant to the job description. Great job!', 'Matching skills found: software engineer, java, python, sql'], 'score': 1.0}
2024-07-28 12:23:58,832 - feedback_logic - INFO - Generated feedback: {'strengths': ['Your resume is highly relevant to the job description. Great job!', 'Matching skills found: python, java, software engineer, sql'], 'score': 1.0}
2024-07-28 12:49:44,719 - feedback_logic - INFO - Generated feedback: {'strengths': ['Your resume is highly relevant to the job description. Great job!', 'Matching skills found: sql, python, software engineer, java'], 'score': 1.0}
2024-07-28 13:08:28,795 - feedback_logic - INFO - Generated feedback: {'strengths': ['Your resume is highly relevant to the job description. Great job!', 'Matching skills found: java, python, sql, software engineer'], 'score': 1.0}
2024-07-28 13:25:27,144 - feedback_logic - INFO - Generated feedback: {'strengths': ['Your resume is highly relevant to the job description. Great job!', 'Matching skills found: java, software engineer, python, sql'], 'score': 1.0}
2024-07-28 13:39:34,392 - feedback_logic - INFO - Generated feedback: {'strengths': ['Your resume is highly relevant to the job description. Great job!', 'Matching skills found: python, java, software engineer, sql'], 'score': 1.0}
2024-07-28 13:54:19,528 - feedback_logic - INFO - Generated feedback: {'strengths': ['Your resume is highly relevant to the job description. Great job!', 'Matching skills found: software engineer, java, python, sql'], 'score': 1.0}
2024-07-29 12:33:56,100 - feedback_logic - INFO - Generated feedback: {'strengths': ['Your resume is highly relevant to the job description. Great job!', 'Matching skills found: software engineer, python, java, sql'], 'score': 1.0}
2024-07-30 06:01:56,702 - feedback_logic - INFO - Generated feedback: {'strengths': ['Your resume is highly relevant to the job description. Great job!', 'Matching skills found: java, python, software engineer, sql'], 'score': 1.0}
2024-07-30 06:55:38,492 - feedback_logic - INFO - Generated feedback: {'strengths': ['Your resume is highly relevant to the job description. Great job!', 'Matching skills found: python, software engineer, java, sql'], 'score': 1.0}
2024-07-30 07:07:47,999 - feedback_logic - INFO - Generated feedback: {'strengths': ['Your resume is highly relevant to the job description. Great job!', 'Matching skills found: java, python, software engineer, sql'], 'score': 1.0}
2024-07-30 07:16:58,793 - feedback_logic - INFO - Generated feedback: {'strengths': ['Your resume is highly relevant to the job description. Great job!', 'Matching skills found: python, software engineer, java, sql'], 'score': 1.0}
2024-07-30 07:19:49,456 - feedback_logic - INFO - Generated feedback: {'strengths': ['Your resume is highly relevant to the job description. Great job!', 'Matching skills found: python, software engineer, java, sql'], 'score': 1.0}
2024-07-30 07:20:41,694 - feedback_logic - INFO - Generated feedback: {'strengths': ['Your resume is highly relevant to the job description. Great job!', 'Matching skills found: python, software engineer, java, sql'], 'score': 1.0}
2024-07-30 07:41:28,001 - feedback_logic - INFO - Generated feedback: {'strengths': ['Your resume is highly relevant to the job description. Great job!', 'Matching skills found: software engineer, java, sql, python'], 'score': 1.0}
2024-07-30 07:51:54,108 - feedback_logic - INFO - Generated feedback: {'strengths': ['Your resume is highly relevant to the job description. Great job!', 'Matching skills found: java, software engineer, python, sql'], 'score': 1.0}
2024-07-30 07:56:24,371 - feedback_logic - INFO - Generated feedback: {'strengths': ['Your resume is highly relevant to the job description. Great job!', 'Matching skills found: python, software engineer, sql, java'], 'score': 1.0}
2024-07-30 08:32:44,064 - feedback_logic - INFO - Generated feedback: {'strengths': ['Your resume is highly relevant to the job description. Great job!', 'Matching skills found: java, sql, software engineer, python'], 'score': 1.0}
2024-07-30 09:16:21,866 - feedback_logic - INFO - Generated feedback: {'strengths': ['Your resume is highly relevant to the job description. Great job!', 'Matching skills found: software engineer, python, java, sql'], 'score': 1.0}
2024-07-30 10:07:40,245 - feedback_logic - INFO - Generated feedback: {'strengths': ['Your resume is highly relevant to the job description. Great job!', 'Matching skills found: sql, software engineer, java, python'], 'score': 1.0}
2024-07-30 10:10:36,080 - feedback_logic - INFO - Generated feedback: {'strengths': ['Your resume is highly relevant to the job description. Great job!', 'Matching skills found: java, sql, software engineer, python'], 'score': 1.0}
2024-07-30 10:19:36,712 - feedback_logic - INFO - Generated feedback: {'strengths': ['Your resume is highly relevant to the job description. Great job!', 'Matching skills found: python, java, software engineer, sql'], 'score': 1.0}
2024-07-30 11:13:07,972 - feedback_logic - INFO - Generated feedback: {'strengths': ['Your resume is highly relevant to the job description. Great job!', 'Matching skills found: java, software engineer, sql, python'], 'score': 1.0}
2024-07-30 11:16:19,506 - feedback_logic - INFO - Generated feedback: {'strengths': ['Your resume is highly relevant to the job description. Great job!', 'Matching skills found: python, sql, java, software engineer'], 'score': 1.0}
2024-07-30 11:24:40,314 - feedback_logic - INFO - Generated feedback: {'strengths': ['Your resume is highly relevant to the job description. Great job!', 'Matching skills found: python, java, sql, software engineer'], 'score': 1.0}
2024-07-30 11:25:29,256 - feedback_logic - INFO - Generated feedback: {'strengths': ['Your resume is highly relevant to the job description. Great job!', 'Matching skills found: sql, python, java, software engineer'], 'score': 1.0}
2024-07-30 11:50:55,819 - feedback_logic - INFO - Generated feedback: {'strengths': ['Your resume is highly relevant to the job description. Great job!', 'Matching skills found: python, software engineer, sql, java'], 'score': 1.0}
2024-07-30 11:59:05,241 - feedback_logic - INFO - Generated feedback: {'strengths': ['Your resume is highly relevant to the job description. Great job!', 'Matching skills found: java, sql, software engineer, python'], 'score': 1.0}
2024-07-30 12:06:38,553 - feedback_logic - INFO - Generated feedback: {'strengths': ['Your resume is highly relevant to the job description. Great job!', 'Matching skills found: sql, software engineer, java, python'], 'score': 1.0}
2024-07-30 12:07:52,858 - feedback_logic - INFO - Generated feedback: {'strengths': ['Your resume is highly relevant to the job description. Great job!', 'Matching skills found: java, software engineer, python, sql'], 'score': 1.0}
2024-07-30 12:29:34,365 - feedback_logic - INFO - Generated feedback: {'strengths': ['Your resume is highly relevant to the job description. Great job!', 'Matching skills found: software engineer, python, sql, java'], 'score': 1.0}
2024-07-30 12:43:42,824 - feedback_logic - INFO - Generated feedback: {'strengths': ['Your resume is highly relevant to the job description. Great job!', 'Matching skills found: java, python, software engineer, sql'], 'score': 1.0}
2024-07-30 12:45:42,167 - feedback_logic - INFO - Generated feedback: {'strengths': ['Your resume is highly relevant to the job description. Great job!', 'Matching skills found: java, python, sql, software engineer'], 'score': 1.0}
2024-07-30 12:50:00,318 - feedback_logic - INFO - Generated feedback: {'strengths': ['Your resume is highly relevant to the job description. Great job!', 'Matching skills found: software engineer, java, sql, python'], 'score': 1.0}
2024-07-30 12:57:02,224 - feedback_logic - INFO - Generated feedback: {'strengths': ['Your resume is highly relevant to the job description. Great job!', 'Matching skills found: software engineer, sql, python, java'], 'score': 1.0}
2024-07-30 13:00:03,436 - feedback_logic - INFO - Generated feedback: {'strengths': ['Your resume is highly relevant to the job description. Great job!', 'Matching skills found: java, sql, python, software engineer'], 'score': 1.0}
2024-07-30 13:03:40,127 - feedback_logic - INFO - Generated feedback: {'strengths': ['Your resume is highly relevant to the job description. Great job!', 'Matching skills found: python, sql, java, software engineer'], 'score': 1.0}
2024-07-30 13:18:54,491 - feedback_logic - INFO - Generated feedback: {'strengths': ['Your resume is highly relevant to the job description. Great job!', 'Matching skills found: software engineer, java, sql, python'], 'score': 1.0}
2024-07-30 13:22:47,794 - feedback_logic - INFO - Generated feedback: {'strengths': ['Your resume is highly relevant to the job description. Great job!', 'Matching skills found: java, python, sql, software engineer'], 'score': 1.0}
2024-07-30 13:26:54,644 - feedback_logic - INFO - Generated feedback: {'strengths': ['Your resume is highly relevant to the job description. Great job!', 'Matching skills found: java, python, sql, software engineer'], 'score': 1.0}
2024-07-30 13:41:29,931 - feedback_logic - INFO - Generated feedback: {'strengths': ['Your resume is highly relevant to the job description. Great job!', 'Matching skills found: sql, java, python, software engineer'], 'score': 1.0}
2024-07-30 13:49:43,943 - feedback_logic - INFO - Generated feedback: {'strengths': ['Your resume is highly relevant to the job description. Great job!', 'Matching skills found: software engineer, java, sql, python'], 'score': 1.0}
2024-07-30 14:06:56,263 - feedback_logic - INFO - Generated feedback: {'strengths': ['Your resume is highly relevant to the job description. Great job!', 'Matching skills found: java, sql, software engineer, python'], 'score': 1.0}
2024-07-30 14:27:22,403 - feedback_logic - INFO - Generated feedback: {'strengths': ['Your resume is highly relevant to the job description. Great job!', 'Matching skills found: python, sql, software engineer, java'], 'score': 1.0}
2024-07-30 14:35:54,089 - feedback_logic - INFO - Generated feedback: {'strengths': ['Your resume is highly relevant to the job description. Great job!', 'Matching skills found: java, python, sql, software engineer'], 'score': 1.0}
2024-07-30 14:37:36,612 - feedback_logic - INFO - Generated feedback: {'strengths': ['Your resume is highly relevant to the job description. Great job!', 'Matching skills found: sql, software engineer, python, java'], 'score': 1.0}
2024-07-30 14:44:41,168 - feedback_logic - INFO - Generated feedback: {'strengths': ['Your resume is highly relevant to the job description. Great job!', 'Matching skills found: java, software engineer, sql, python'], 'score': 1.0}
2024-07-30 14:52:47,032 - feedback_logic - INFO - Generated feedback: {'strengths': ['Your resume is highly relevant to the job description. Great job!', 'Matching skills found: python, software engineer, sql, java'], 'score': 1.0}
2024-07-31 14:38:13,111 - feedback_logic - INFO - Generated feedback: {'strengths': ['Your resume is highly relevant to the job description. Great job!', 'Matching skills found: sql, java, software engineer, python'], 'score': 1.0}
2024-07-31 14:43:50,732 - feedback_logic - INFO - Generated feedback: {'strengths': ['Your resume is highly relevant to the job description. Great job!', 'Matching skills found: python, sql, java, software engineer'], 'score': 1.0}
2024-07-31 14:50:18,298 - feedback_logic - INFO - Generated feedback: {'strengths': ['Your resume is highly relevant to the job description. Great job!', 'Matching skills found: java, python, sql, software engineer'], 'score': 1.0}
2024-07-31 14:56:06,703 - feedback_logic - INFO - Generated feedback: {'strengths': ['Your resume is highly relevant to the job description. Great job!', 'Matching skills found: sql, java, software engineer, python'], 'score': 1.0}
2024-07-31 15:04:18,433 - feedback_logic - INFO - Generated feedback: {'strengths': ['Your resume is highly relevant to the job description. Great job!', 'Matching skills found: java, software engineer, python, sql'], 'score': 1.0}
2024-07-31 15:08:56,212 - feedback_logic - INFO - Generated feedback: {'strengths': ['Your resume is highly relevant to the job description. Great job!', 'Matching skills found: sql, java, software engineer, python'], 'score': 1.0}
2024-08-01 15:53:35,567 - feedback_logic - INFO - Generated feedback: {'strengths': ['Your resume is highly relevant to the job description. Great job!', 'Matching skills found: software engineer, python, java, sql'], 'score': 1.0}
2024-08-02 03:35:03,909 - feedback_logic - INFO - Generated feedback: {'strengths': ['Your resume is highly relevant to the job description. Great job!', 'Matching skills found: java, sql, python, software engineer'], 'score': 1.0}
2024-08-02 03:51:12,542 - feedback_logic - INFO - Generated feedback: {'strengths': ['Your resume is highly relevant to the job description. Great job!', 'Matching skills found: java, sql, python, software engineer'], 'score': 1.0}
2024-08-02 04:08:36,985 - feedback_logic - INFO - Generated feedback: {'strengths': ['Your resume is highly relevant to the job description. Great job!', 'Matching skills found: software engineer, java, sql, python'], 'score': 1.0}
2024-08-02 04:23:14,826 - feedback_logic - INFO - Generated feedback: {'strengths': ['Your resume is highly relevant to the job description. Great job!', 'Matching skills found: software engineer, sql, python, java'], 'score': 1.0}
2024-08-02 04:42:23,762 - feedback_logic - INFO - Generated feedback: {'strengths': ['Your resume is highly relevant to the job description. Great job!', 'Matching skills found: java, python, sql, software engineer'], 'score': 1.0}
2024-08-02 04:57:10,932 - feedback_logic - INFO - Generated feedback: {'strengths': ['Your resume is highly relevant to the job description. Great job!', 'Matching skills found: sql, software engineer, python, java'], 'score': 1.0}
2024-08-02 05:08:11,274 - feedback_logic - INFO - Generated feedback: {'strengths': ['Your resume is highly relevant to the job description. Great job!', 'Matching skills found: software engineer, sql, java, python'], 'score': 1.0}
2024-08-02 05:10:57,458 - feedback_logic - INFO - Generated feedback: {'strengths': ['Your resume is highly relevant to the job description. Great job!', 'Matching skills found: sql, python, software engineer, java'], 'score': 1.0}
2024-08-02 05:25:21,044 - feedback_logic - INFO - Generated feedback: {'strengths': ['Your resume is highly relevant to the job description. Great job!', 'Matching skills found: software engineer, java, sql, python'], 'score': 1.0}
2024-08-02 05:43:32,310 - feedback_logic - INFO - Generated feedback: {'strengths': ['Your resume is highly relevant to the job description. Great job!', 'Matching skills found: java, python, sql, software engineer'], 'score': 1.0}
2024-08-02 06:00:08,511 - feedback_logic - INFO - Generated feedback: {'strengths': ['Your resume is highly relevant to the job description. Great job!', 'Matching skills found: java, software engineer, python, sql'], 'score': 1.0}
2024-08-02 06:18:29,163 - feedback_logic - INFO - Generated feedback: {'strengths': ['Your resume is highly relevant to the job description. Great job!', 'Matching skills found: software engineer, java, sql, python'], 'score': 1.0}
2024-08-02 06:23:34,096 - feedback_logic - INFO - Generated feedback: {'strengths': ['Your resume is highly relevant to the job description. Great job!', 'Matching skills found: sql, python, java, software engineer'], 'score': 1.0}
2024-08-02 06:29:35,526 - feedback_logic - INFO - Generated feedback: {'strengths': ['Your resume is highly relevant to the job description. Great job!', 'Matching skills found: java, software engineer, sql, python'], 'score': 1.0}
2024-08-02 06:30:13,437 - feedback_logic - INFO - Generated feedback: {'strengths': ['Your resume is highly relevant to the job description. Great job!', 'Matching skills found: software engineer, java, python, sql'], 'score': 1.0}
2024-08-02 06:30:49,291 - feedback_logic - INFO - Generated feedback: {'strengths': ['Your resume is highly relevant to the job description. Great job!', 'Matching skills found: python, sql, java, software engineer'], 'score': 1.0}
2024-08-02 06:32:15,531 - feedback_logic - INFO - Generated feedback: {'strengths': ['Your resume is highly relevant to the job description. Great job!', 'Matching skills found: sql, software engineer, java, python'], 'score': 1.0}
2024-08-02 06:38:07,576 - feedback_logic - INFO - Generated feedback: {'strengths': ['Your resume is highly relevant to the job description. Great job!', 'Matching skills found: python, software engineer, sql, java'], 'score': 1.0}
2024-08-02 06:43:49,657 - feedback_logic - INFO - Generated feedback: {'strengths': ['Your resume is highly relevant to the job description. Great job!', 'Matching skills found: java, sql, software engineer, python'], 'score': 1.0}
2024-08-02 07:01:48,787 - feedback_logic - INFO - Generated feedback: {'strengths': ['Your resume is highly relevant to the job description. Great job!', 'Matching skills found: software engineer, java, sql, python'], 'score': 1.0}
2024-08-02 07:04:43,750 - feedback_logic - INFO - Generated feedback: {'strengths': ['Your resume is highly relevant to the job description. Great job!', 'Matching skills found: sql, java, python, software engineer'], 'score': 1.0}
2024-08-02 07:06:32,581 - feedback_logic - INFO - Generated feedback: {'strengths': ['Your resume is highly relevant to the job description. Great job!', 'Matching skills found: sql, software engineer, python, java'], 'score': 1.0}
2024-08-02 07:16:33,503 - feedback_logic - INFO - Generated feedback: {'strengths': ['Your resume is highly relevant to the job description. Great job!', 'Matching skills found: java, software engineer, python, sql'], 'score': 1.0}
2024-08-02 07:21:16,418 - feedback_logic - INFO - Generated feedback: {'strengths': ['Your resume is highly relevant to the job description. Great job!', 'Matching skills found: python, software engineer, java, sql'], 'score': 1.0}
2024-08-02 07:27:19,552 - feedback_logic - INFO - Generated feedback: {'strengths': ['Your resume is highly relevant to the job description. Great job!', 'Matching skills found: java, python, software engineer, sql'], 'score': 1.0}
2024-08-02 07:31:40,173 - feedback_logic - INFO - Generated feedback: {'strengths': ['Your resume is highly relevant to the job description. Great job!', 'Matching skills found: sql, java, python, software engineer'], 'score': 1.0}
2024-08-02 07:45:14,520 - feedback_logic - INFO - Generated feedback: {'strengths': ['Your resume is highly relevant to the job description. Great job!', 'Matching skills found: python, java, software engineer, sql'], 'score': 1.0}
2024-08-02 07:52:04,074 - feedback_logic - INFO - Generated feedback: {'strengths': ['Your resume is highly relevant to the job description. Great job!', 'Matching skills found: software engineer, python, java, sql'], 'score': 1.0}
2024-08-02 07:56:48,250 - feedback_logic - INFO - Generated feedback: {'strengths': ['Your resume is highly relevant to the job description. Great job!', 'Matching skills found: python, software engineer, java, sql'], 'score': 1.0}
2024-08-02 08:04:37,223 - feedback_logic - INFO - Generated feedback: {'strengths': ['Your resume is highly relevant to the job description. Great job!', 'Matching skills found: software engineer, sql, java, python'], 'score': 1.0}
2024-08-02 11:56:30,526 - feedback_logic - INFO - Generated feedback: {'strengths': ['Your resume is highly relevant to the job description. Great job!', 'Matching skills found: sql, software engineer, java, python'], 'score': 1.0}
2024-08-02 12:53:29,884 - feedback_logic - INFO - Generated feedback: {'strengths': ['Your resume is highly relevant to the job description. Great job!', 'Matching skills found: python, software engineer, java, sql'], 'score': 1.0}
2024-08-02 13:20:05,651 - feedback_logic - INFO - Generated feedback: {'strengths': ['Your resume is highly relevant to the job description. Great job!', 'Matching skills found: java, python, sql, software engineer'], 'score': 1.0}
2024-08-02 13:40:55,279 - feedback_logic - INFO - Generated feedback: {'strengths': ['Your resume is highly relevant to the job description. Great job!', 'Matching skills found: java, software engineer, python, sql'], 'score': 1.0}
2024-08-02 13:46:01,944 - feedback_logic - INFO - Generated feedback: {'strengths': ['Your resume is highly relevant to the job description. Great job!', 'Matching skills found: python, java, sql, software engineer'], 'score': 1.0}
2024-08-02 13:46:43,348 - feedback_logic - INFO - Generated feedback: {'strengths': ['Your resume is highly relevant to the job description. Great job!', 'Matching skills found: sql, software engineer, python, java'], 'score': 1.0}
2024-08-02 13:53:28,485 - feedback_logic - INFO - Generated feedback: {'strengths': ['Your resume is highly relevant to the job description. Great job!', 'Matching skills found: python, software engineer, sql, java'], 'score': 1.0}
2024-08-02 13:58:56,558 - feedback_logic - INFO - Generated feedback: {'strengths': ['Your resume is highly relevant to the job description. Great job!', 'Matching skills found: python, software engineer, sql, java'], 'score': 1.0}
2024-08-02 14:36:20,407 - feedback_logic - INFO - Generated feedback: {'strengths': ['Your resume is highly relevant to the job description. Great job!', 'Matching skills found: java, software engineer, sql, python'], 'score': 1.0}
2024-08-02 14:39:45,790 - feedback_logic - INFO - Generated feedback: {'strengths': ['Your resume is highly relevant to the job description. Great job!', 'Matching skills found: python, software engineer, java, sql'], 'score': 1.0}
2024-08-02 14:42:31,640 - feedback_logic - INFO - Generated feedback: {'strengths': ['Your resume is highly relevant to the job description. Great job!', 'Matching skills found: sql, software engineer, java, python'], 'score': 1.0}
2024-08-02 15:04:23,679 - feedback_logic - INFO - Generated feedback: {'strengths': ['Your resume is highly relevant to the job description. Great job!', 'Matching skills found: software engineer, python, java, sql'], 'score': 1.0}
2024-08-03 00:45:35,926 - feedback_logic - INFO - Generated feedback: {'strengths': ['Your resume is highly relevant to the job description. Great job!', 'Matching skills found: software engineer, python, sql, java'], 'score': 1.0}
2024-08-03 00:46:44,991 - feedback_logic - INFO - Generated feedback: {'strengths': ['Your resume is highly relevant to the job description. Great job!', 'Matching skills found: java, software engineer, sql, python'], 'score': 1.0}
2024-08-03 00:47:51,374 - feedback_logic - INFO - Generated feedback: {'strengths': ['Your resume is highly relevant to the job description. Great job!', 'Matching skills found: python, software engineer, sql, java'], 'score': 1.0}
2024-08-03 12:28:00,128 - feedback_logic - INFO - Generated feedback: {'strengths': ['Your resume is highly relevant to the job description. Great job!', 'Matching skills found: java, python, software engineer, sql'], 'score': 1.0}
2024-08-03 12:47:26,794 - feedback_logic - INFO - Generated feedback: {'strengths': ['Your resume is highly relevant to the job description. Great job!', 'Matching skills found: java, python, sql, software engineer'], 'score': 1.0}
2024-08-03 12:50:50,526 - feedback_logic - INFO - Generated feedback: {'strengths': ['Your resume is highly relevant to the job description. Great job!', 'Matching skills found: software engineer, sql, python, java'], 'score': 1.0}
2024-08-03 12:56:43,783 - feedback_logic - INFO - Generated feedback: {'strengths': ['Your resume is highly relevant to the job description. Great job!', 'Matching skills found: sql, software engineer, python, java'], 'score': 1.0}
2024-08-03 13:06:12,339 - feedback_logic - INFO - Generated feedback: {'strengths': ['Your resume is highly relevant to the job description. Great job!', 'Matching skills found: python, java, software engineer, sql'], 'score': 1.0}
2024-08-03 13:15:24,328 - feedback_logic - INFO - Generated feedback: {'strengths': ['Your resume is highly relevant to the job description. Great job!', 'Matching skills found: software engineer, sql, python, java'], 'score': 1.0}
2024-08-03 13:24:05,699 - feedback_logic - INFO - Generated feedback: {'strengths': ['Your resume is highly relevant to the job description. Great job!', 'Matching skills found: software engineer, sql, java, python'], 'score': 1.0}
2024-08-03 13:49:39,756 - feedback_logic - INFO - Generated feedback: {'strengths': ['Your resume is highly relevant to the job description. Great job!', 'Matching skills found: software engineer, sql, java, python'], 'score': 1.0}
2024-08-03 13:56:12,292 - feedback_logic - INFO - Generated feedback: {'strengths': ['Your resume is highly relevant to the job description. Great job!', 'Matching skills found: software engineer, python, java, sql'], 'score': 1.0}
2024-08-03 14:15:58,055 - feedback_logic - INFO - Generated feedback: {'strengths': ['Your resume is highly relevant to the job description. Great job!', 'Matching skills found: java, sql, python, software engineer'], 'score': 1.0}
2024-08-03 14:27:50,396 - feedback_logic - INFO - Generated feedback: {'strengths': ['Your resume is highly relevant to the job description. Great job!', 'Matching skills found: python, java, sql, software engineer'], 'score': 1.0}
2024-08-03 14:31:29,193 - feedback_logic - INFO - Generated feedback: {'strengths': ['Your resume is highly relevant to the job description. Great job!', 'Matching skills found: sql, python, java, software engineer'], 'score': 1.0}
2024-08-03 14:46:05,794 - feedback_logic - INFO - Generated feedback: {'strengths': ['Your resume is highly relevant to the job description. Great job!', 'Matching skills found: software engineer, python, java, sql'], 'score': 1.0}
2024-08-03 14:53:09,951 - feedback_logic - INFO - Generated feedback: {'strengths': ['Your resume is highly relevant to the job description. Great job!', 'Matching skills found: python, java, sql, software engineer'], 'score': 1.0}
2024-08-03 15:00:46,245 - feedback_logic - INFO - Generated feedback: {'strengths': ['Your resume is highly relevant to the job description. Great job!', 'Matching skills found: sql, python, software engineer, java'], 'score': 1.0}
2024-08-04 04:01:51,056 - feedback_logic - INFO - Generated feedback: {'strengths': ['Your resume is highly relevant to the job description. Great job!', 'Matching skills found: java, sql, python, software engineer'], 'score': 1.0}
2024-08-04 04:07:09,477 - feedback_logic - INFO - Generated feedback: {'strengths': ['Your resume is highly relevant to the job description. Great job!', 'Matching skills found: python, sql, java, software engineer'], 'score': 1.0}
2024-08-04 04:09:40,120 - feedback_logic - INFO - Generated feedback: {'strengths': ['Your resume is highly relevant to the job description. Great job!', 'Matching skills found: software engineer, sql, java, python'], 'score': 1.0}
2024-08-04 04:12:40,956 - feedback_logic - INFO - Generated feedback: {'strengths': ['Your resume is highly relevant to the job description. Great job!', 'Matching skills found: java, sql, python, software engineer'], 'score': 1.0}
2024-08-04 04:19:16,241 - feedback_logic - INFO - Generated feedback: {'strengths': ['Your resume is highly relevant to the job description. Great job!', 'Matching skills found: python, software engineer, java, sql'], 'score': 1.0}
2024-08-04 04:20:51,700 - feedback_logic - INFO - Generated feedback: {'strengths': ['Your resume is highly relevant to the job description. Great job!', 'Matching skills found: software engineer, sql, java, python'], 'score': 1.0}
2024-08-04 04:35:01,176 - feedback_logic - INFO - Generated feedback: {'strengths': ['Your resume is highly relevant to the job description. Great job!', 'Matching skills found: python, java, sql, software engineer'], 'score': 1.0}
2024-08-04 05:00:52,101 - feedback_logic - INFO - Generated feedback: {'strengths': ['Your resume is highly relevant to the job description. Great job!', 'Matching skills found: java, python, sql, software engineer'], 'score': 1.0}
2024-08-04 05:05:44,420 - feedback_logic - INFO - Generated feedback: {'strengths': ['Your resume is highly relevant to the job description. Great job!', 'Matching skills found: software engineer, python, java, sql'], 'score': 1.0}
2024-08-04 05:16:56,330 - feedback_logic - INFO - Generated feedback: {'strengths': ['Your resume is highly relevant to the job description. Great job!', 'Matching skills found: sql, software engineer, python, java'], 'score': 1.0}
2024-08-04 05:31:32,508 - feedback_logic - INFO - Generated feedback: {'strengths': ['Your resume is highly relevant to the job description. Great job!', 'Matching skills found: python, sql, java, software engineer'], 'score': 1.0}
2024-08-04 05:34:10,051 - feedback_logic - INFO - Generated feedback: {'strengths': ['Your resume is highly relevant to the job description. Great job!', 'Matching skills found: python, software engineer, java, sql'], 'score': 1.0}
2024-08-04 05:41:02,711 - feedback_logic - INFO - Generated feedback: {'strengths': ['Your resume is highly relevant to the job description. Great job!', 'Matching skills found: sql, java, python, software engineer'], 'score': 1.0}
2024-08-04 05:44:29,986 - feedback_logic - INFO - Generated feedback: {'strengths': ['Your resume is highly relevant to the job description. Great job!', 'Matching skills found: software engineer, sql, java, python'], 'score': 1.0}
2024-08-04 05:50:25,242 - feedback_logic - INFO - Generated feedback: {'strengths': ['Your resume is highly relevant to the job description. Great job!', 'Matching skills found: java, sql, python, software engineer'], 'score': 1.0}
2024-08-04 05:53:27,443 - feedback_logic - INFO - Generated feedback: {'strengths': ['Your resume is highly relevant to the job description. Great job!', 'Matching skills found: software engineer, sql, java, python'], 'score': 1.0}
2024-08-04 06:33:37,180 - feedback_logic - INFO - Generated feedback: {'strengths': ['Your resume is highly relevant to the job description. Great job!', 'Matching skills found: python, sql, java, software engineer'], 'score': 1.0}
2024-08-04 06:46:47,212 - feedback_logic - INFO - Generated feedback: {'strengths': ['Your resume is highly relevant to the job description. Great job!', 'Matching skills found: java, sql, python, software engineer'], 'score': 1.0}
2024-08-04 07:11:02,342 - feedback_logic - INFO - Generated feedback: {'strengths': ['Your resume is highly relevant to the job description. Great job!', 'Matching skills found: sql, java, python, software engineer'], 'score': 1.0}
2024-08-04 09:43:00,455 - feedback_logic - INFO - Generated feedback: {'strengths': ['Your resume is highly relevant to the job description. Great job!', 'Matching skills found: python, java, software engineer, sql'], 'score': 1.0}
2024-08-04 10:57:24,166 - feedback_logic - INFO - Generated feedback: {'strengths': ['Your resume is highly relevant to the job description. Great job!', 'Matching skills found: sql, java, software engineer, python'], 'score': 1.0}
2024-08-04 11:10:48,246 - feedback_logic - INFO - Generated feedback: {'strengths': ['Your resume is highly relevant to the job description. Great job!', 'Matching skills found: sql, software engineer, python, java'], 'score': 1.0}
2024-08-04 11:13:50,672 - feedback_logic - INFO - Generated feedback: {'strengths': ['Your resume is highly relevant to the job description. Great job!', 'Matching skills found: python, java, sql, software engineer'], 'score': 1.0}
2024-08-04 11:20:41,359 - feedback_logic - INFO - Generated feedback: {'strengths': ['Your resume is highly relevant to the job description. Great job!', 'Matching skills found: python, sql, java, software engineer'], 'score': 1.0}
2024-08-04 11:25:04,685 - feedback_logic - INFO - Generated feedback: {'strengths': ['Your resume is highly relevant to the job description. Great job!', 'Matching skills found: python, sql, java, software engineer'], 'score': 1.0}
2024-08-04 11:30:19,362 - feedback_logic - INFO - Generated feedback: {'strengths': ['Your resume is highly relevant to the job description. Great job!', 'Matching skills found: software engineer, java, python, sql'], 'score': 1.0}
2024-08-04 11:34:09,085 - feedback_logic - INFO - Generated feedback: {'strengths': ['Your resume is highly relevant to the job description. Great job!', 'Matching skills found: software engineer, sql, java, python'], 'score': 1.0}
2024-08-04 11:39:55,256 - feedback_logic - INFO - Generated feedback: {'strengths': ['Your resume is highly relevant to the job description. Great job!', 'Matching skills found: python, sql, software engineer, java'], 'score': 1.0}
2024-08-04 11:44:06,232 - feedback_logic - INFO - Generated feedback: {'strengths': ['Your resume is highly relevant to the job description. Great job!', 'Matching skills found: software engineer, java, python, sql'], 'score': 1.0}
2024-08-04 11:47:36,791 - feedback_logic - INFO - Generated feedback: {'strengths': ['Your resume is highly relevant to the job description. Great job!', 'Matching skills found: software engineer, sql, python, java'], 'score': 1.0}
2024-08-04 11:50:04,509 - feedback_logic - INFO - Generated feedback: {'strengths': ['Your resume is highly relevant to the job description. Great job!', 'Matching skills found: software engineer, python, java, sql'], 'score': 1.0}
